<?xml version="1.0" encoding="UTF-8"?>
<robot generator="Robot 6.0.2 (Python 3.11.2 on win32)" generated="20230621 14:50:28.690" rpa="false" schemaversion="3">
<suite id="s1" name="Post With Template" source="c:\udemy\robotFramework\githubTestApi\post_with_template.robot">
<test id="s1-t1" name="Listar os comentários das issues existentes" line="26">
<kw name="Conectar com autenticação por token na API do GitHub">
<kw name="Create Dictionary" library="BuiltIn">
<var>${HEADERS}</var>
<arg>Authorization=Bearer ${MY_GITHUB_TOKEN}</arg>
<doc>Creates and returns a dictionary based on the given ``items``.</doc>
<msg timestamp="20230621 14:50:30.637" level="INFO">${HEADERS} = {'Authorization': 'Bearer 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'}</msg>
<status status="PASS" starttime="20230621 14:50:30.632" endtime="20230621 14:50:30.654"/>
</kw>
<kw name="Create Session" library="RequestsLibrary">
<arg>alias=mygithubAuth</arg>
<arg>url=${GITHUB_HOST}</arg>
<arg>headers=${HEADERS}</arg>
<arg>disable_warnings=True</arg>
<doc>Create Session: create a HTTP session to a server</doc>
<msg timestamp="20230621 14:50:30.669" level="INFO">Creating Session using : alias=mygithubAuth, url=https://api.github.com, headers={'Authorization': 'Bearer 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'},                     cookies={}, auth=None, timeout=None, proxies=None, verify=False,                     debug=0 </msg>
<status status="PASS" starttime="20230621 14:50:30.657" endtime="20230621 14:50:30.671"/>
</kw>
<status status="PASS" starttime="20230621 14:50:30.623" endtime="20230621 14:50:30.671"/>
</kw>
<kw name="CONSULTA OS COMENTÁRIOS das issues existentes">
<kw name="Create Dictionary" library="BuiltIn">
<var>${HEADERS}</var>
<arg>Authorization=Bearer ${MY_GITHUB_TOKEN}</arg>
<arg>sort=updated</arg>
<arg>direction=desc</arg>
<doc>Creates and returns a dictionary based on the given ``items``.</doc>
<msg timestamp="20230621 14:50:30.682" level="INFO">${HEADERS} = {'Authorization': 'Bearer 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', 'sort': 'updated', 'direction': 'desc'}</msg>
<status status="PASS" starttime="20230621 14:50:30.677" endtime="20230621 14:50:30.683"/>
</kw>
<kw name="Get Request" library="RequestsLibrary">
<var>${RESPONSE}</var>
<arg>alias=mygithubAuth</arg>
<arg>uri=${ISSUES_LIST_COMMENTS}</arg>
<arg>headers=${HEADERS}</arg>
<doc>*DEPRECATED* Please use `GET On Session` instead.</doc>
<msg timestamp="20230621 14:50:30.687" level="WARN">Keyword 'RequestsLibrary.Get Request' is deprecated. Please use `GET On Session` instead.</msg>
<msg timestamp="20230621 14:50:31.267" level="INFO">GET Request : url=https://api.github.com/repos/mayribeirofernandes/myudemyrobotframeworkcourse/issues/comments 
 path_url=/repos/mayribeirofernandes/myudemyrobotframeworkcourse/issues/comments 
 headers={'User-Agent': 'python-requests/2.28.2', 'Accept-Encoding': 'gzip, deflate', 'Accept': '*/*', 'Connection': 'keep-alive', 'Authorization': 'Bearer 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', 'sort': 'updated', 'direction': 'desc'} 
 body=None 
 </msg>
<msg timestamp="20230621 14:50:31.269" level="INFO">GET Response : url=https://api.github.com/repos/mayribeirofernandes/myudemyrobotframeworkcourse/issues/comments 
 status=200, reason=OK 
 headers={'Server': 'GitHub.com', 'Date': 'Wed, 21 Jun 2023 18:50:32 GMT', 'Content-Type': 'application/json; charset=utf-8', 'Transfer-Encoding': 'chunked', 'Cache-Control': 'private, max-age=60, s-maxage=60', 'Vary': 'Accept, Authorization, Cookie, X-GitHub-OTP, Accept-Encoding, Accept, X-Requested-With', 'ETag': 'W/"2b978c8740d9f92d99780aea24034f5effd39be4b9d3513dc9469087a8148d0a"', 'X-OAuth-Scopes': 'admin:enterprise, admin:gpg_key, admin:org, admin:org_hook, admin:public_key, admin:repo_hook, admin:ssh_signing_key, audit_log, codespace, delete:packages, delete_repo, gist, notifications, project, repo, user, workflow, write:discussion, write:packages', 'X-Accepted-OAuth-Scopes': 'repo', 'github-authentication-token-expiration': '2023-07-21 18:02:05 UTC', 'X-GitHub-Media-Type': 'github.v3; format=json', 'Link': '&lt;https://api.github.com/repositories/217423086/issues/comments?page=2&gt;; rel="next", &lt;https://api.github.com/repositories/217423086/issues/comments?page=6&gt;; rel="last"', 'x-github-api-version-selected': '2022-11-28', 'X-RateLimit-Limit': '5000', 'X-RateLimit-Remaining': '4991', 'X-RateLimit-Reset': '1687374471', 'X-RateLimit-Used': '9', 'X-RateLimit-Resource': 'core', 'Access-Control-Expose-Headers': 'ETag, Link, Location, Retry-After, X-GitHub-OTP, X-RateLimit-Limit, X-RateLimit-Remaining, X-RateLimit-Used, X-RateLimit-Resource, X-RateLimit-Reset, X-OAuth-Scopes, X-Accepted-OAuth-Scopes, X-Poll-Interval, X-GitHub-Media-Type, X-GitHub-SSO, X-GitHub-Request-Id, Deprecation, Sunset', 'Access-Control-Allow-Origin': '*', 'Strict-Transport-Security': 'max-age=31536000; includeSubdomains; preload', 'X-Frame-Options': 'deny', 'X-Content-Type-Options': 'nosniff', 'X-XSS-Protection': '0', 'Referrer-Policy': 'origin-when-cross-origin, strict-origin-when-cross-origin', 'Content-Security-Policy': "default-src 'none'", 'Content-Encoding': 'gzip', 'X-GitHub-Request-Id': 'E91C:486C:19BCAA:346DD1:64934677'} 
 body=[{"url":"https://api.github.com/repos/mayribeirofernandes/myudemyrobotframeworkcourse/issues/comments/549594082","html_url":"https://github.com/mayribeirofernandes/myudemyrobotframeworkcourse/issues/12#issuecomment-549594082","issue_url":"https://api.github.com/repos/mayribeirofernandes/myudemyrobotframeworkcourse/issues/12","id":549594082,"node_id":"MDEyOklzc3VlQ29tbWVudDU0OTU5NDA4Mg==","user":{"login":"mayribeirofernandes","id":26631940,"node_id":"MDQ6VXNlcjI2NjMxOTQw","avatar_url":"https://avatars.githubusercontent.com/u/26631940?v=4","gravatar_id":"","url":"https://api.github.com/users/mayribeirofernandes","html_url":"https://github.com/mayribeirofernandes","followers_url":"https://api.github.com/users/mayribeirofernandes/followers","following_url":"https://api.github.com/users/mayribeirofernandes/following{/other_user}","gists_url":"https://api.github.com/users/mayribeirofernandes/gists{/gist_id}","starred_url":"https://api.github.com/users/mayribeirofernandes/starred{/owner}{/repo}","subscriptions_url":"https://api.github.com/users/mayribeirofernandes/subscriptions","organizations_url":"https://api.github.com/users/mayribeirofernandes/orgs","repos_url":"https://api.github.com/users/mayribeirofernandes/repos","events_url":"https://api.github.com/users/mayribeirofernandes/events{/privacy}","received_events_url":"https://api.github.com/users/mayribeirofernandes/received_events","type":"User","site_admin":false},"created_at":"2019-11-04T23:27:11Z","updated_at":"2019-11-04T23:27:11Z","author_association":"OWNER","body":"Comentário cadastrado via Robot Framework!","reactions":{"url":"https://api.github.com/repos/mayribeirofernandes/myudemyrobotframeworkcourse/issues/comments/549594082/reactions","total_count":0,"+1":0,"-1":0,"laugh":0,"hooray":0,"confused":0,"heart":0,"rocket":0,"eyes":0},"performed_via_github_app":null},{"url":"https://api.github.com/repos/mayribeirofernandes/myudemyrobotframeworkcourse/issues/comments/549595488","html_url":"https://github.com/mayribeirofernandes/myudemyrobotframeworkcourse/issues/12#issuecomment-549595488","issue_url":"https://api.github.com/repos/mayribeirofernandes/myudemyrobotframeworkcourse/issues/12","id":549595488,"node_id":"MDEyOklzc3VlQ29tbWVudDU0OTU5NTQ4OA==","user":{"login":"mayribeirofernandes","id":26631940,"node_id":"MDQ6VXNlcjI2NjMxOTQw","avatar_url":"https://avatars.githubusercontent.com/u/26631940?v=4","gravatar_id":"","url":"https://api.github.com/users/mayribeirofernandes","html_url":"https://github.com/mayribeirofernandes","followers_url":"https://api.github.com/users/mayribeirofernandes/followers","following_url":"https://api.github.com/users/mayribeirofernandes/following{/other_user}","gists_url":"https://api.github.com/users/mayribeirofernandes/gists{/gist_id}","starred_url":"https://api.github.com/users/mayribeirofernandes/starred{/owner}{/repo}","subscriptions_url":"https://api.github.com/users/mayribeirofernandes/subscriptions","organizations_url":"https://api.github.com/users/mayribeirofernandes/orgs","repos_url":"https://api.github.com/users/mayribeirofernandes/repos","events_url":"https://api.github.com/users/mayribeirofernandes/events{/privacy}","received_events_url":"https://api.github.com/users/mayribeirofernandes/received_events","type":"User","site_admin":false},"created_at":"2019-11-04T23:33:03Z","updated_at":"2019-11-04T23:33:03Z","author_association":"OWNER","body":"Comentário cadastrado via Robot Framework!","reactions":{"url":"https://api.github.com/repos/mayribeirofernandes/myudemyrobotframeworkcourse/issues/comments/549595488/reactions","total_count":0,"+1":0,"-1":0,"laugh":0,"hooray":0,"confused":0,"heart":0,"rocket":0,"eyes":0},"performed_via_github_app":null},{"url":"https://api.github.com/repos/mayribeirofernandes/myudemyrobotframeworkcourse/issues/comments/557919232","html_url":"https://github.com/mayribeirofernandes/myudemyrobotframeworkcourse/issues/12#issuecomment-557919232","issue_url":"https://api.github.com/repos/mayribeirofernandes/myudemyrobotframeworkcourse/issues/12","id":557919232,"node_id":"MDEyOklzc3VlQ29tbWVudDU1NzkxOTIzMg==","user":{"login":"ferantunes","id":2985518,"node_id":"MDQ6VXNlcjI5ODU1MTg=","avatar_url":"https://avatars.githubusercontent.com/u/2985518?v=4","gravatar_id":"","url":"https://api.github.com/users/ferantunes","html_url":"https://github.com/ferantunes","followers_url":"https://api.github.com/users/ferantunes/followers","following_url":"https://api.github.com/users/ferantunes/following{/other_user}","gists_url":"https://api.github.com/users/ferantunes/gists{/gist_id}","starred_url":"https://api.github.com/users/ferantunes/starred{/owner}{/repo}","subscriptions_url":"https://api.github.com/users/ferantunes/subscriptions","organizations_url":"https://api.github.com/users/ferantunes/orgs","repos_url":"https://api.github.com/users/ferantunes/repos","events_url":"https://api.github.com/users/ferantunes/events{/privacy}","received_events_url":"https://api.github.com/users/ferantunes/received_events","type":"User","site_admin":false},"created_at":"2019-11-24T19:21:38Z","updated_at":"2019-11-24T19:21:38Z","author_association":"NONE","body":"Comentário cadastrado via Robot Framework!","reactions":{"url":"https://api.github.com/repos/mayribeirofernandes/myudemyrobotframeworkcourse/issues/comments/557919232/reactions","total_count":1,"+1":0,"-1":0,"laugh":0,"hooray":0,"confused":0,"heart":1,"rocket":0,"eyes":0},"performed_via_github_app":null},{"url":"https://api.github.com/repos/mayribeirofernandes/myudemyrobotframeworkcourse/issues/comments/646802842","html_url":"https://github.com/mayribeirofernandes/myudemyrobotframeworkcourse/issues/18#issuecomment-646802842","issue_url":"https://api.github.com/repos/mayribeirofernandes/myudemyrobotframeworkcourse/issues/18","id":646802842,"node_id":"MDEyOklzc3VlQ29tbWVudDY0NjgwMjg0Mg==","user":{"login":"mayribeirofernandes","id":26631940,"node_id":"MDQ6VXNlcjI2NjMxOTQw","avatar_url":"https://avatars.githubusercontent.com/u/26631940?v=4","gravatar_id":"","url":"https://api.github.com/users/mayribeirofernandes","html_url":"https://github.com/mayribeirofernandes","followers_url":"https://api.github.com/users/mayribeirofernandes/followers","following_url":"https://api.github.com/users/mayribeirofernandes/following{/other_user}","gists_url":"https://api.github.com/users/mayribeirofernandes/gists{/gist_id}","starred_url":"https://api.github.com/users/mayribeirofernandes/starred{/owner}{/repo}","subscriptions_url":"https://api.github.com/users/mayribeirofernandes/subscriptions","organizations_url":"https://api.github.com/users/mayribeirofernandes/orgs","repos_url":"https://api.github.com/users/mayribeirofernandes/repos","events_url":"https://api.github.com/users/mayribeirofernandes/events{/privacy}","received_events_url":"https://api.github.com/users/mayribeirofernandes/received_events","type":"User","site_admin":false},"created_at":"2020-06-19T18:18:29Z","updated_at":"2020-06-19T18:18:29Z","author_association":"OWNER","body":"Nice!","reactions":{"url":"https://api.github.com/repos/mayribeirofernandes/myudemyrobotframeworkcourse/issues/comments/646802842/reactions","total_count":1,"+1":0,"-1":0,"laugh":1,"hooray":0,"confused":0,"heart":0,"rocket":0,"eyes":0},"performed_via_github_app":null},{"url":"https://api.github.com/repos/mayribeirofernandes/myudemyrobotframeworkcourse/issues/comments/665241629","html_url":"https://github.com/mayribeirofernandes/myudemyrobotframeworkcourse/issues/19#issuecomment-665241629","issue_url":"https://api.github.com/repos/mayribeirofernandes/myudemyrobotframeworkcourse/issues/19","id":665241629,"node_id":"MDEyOklzc3VlQ29tbWVudDY2NTI0MTYyOQ==","user":{"login":"mayribeirofernandes","id":26631940,"node_id":"MDQ6VXNlcjI2NjMxOTQw","avatar_url":"https://avatars.githubusercontent.com/u/26631940?v=4","gravatar_id":"","url":"https://api.github.com/users/mayribeirofernandes","html_url":"https://github.com/mayribeirofernandes","followers_url":"https://api.github.com/users/mayribeirofernandes/followers","following_url":"https://api.github.com/users/mayribeirofernandes/following{/other_user}","gists_url":"https://api.github.com/users/mayribeirofernandes/gists{/gist_id}","starred_url":"https://api.github.com/users/mayribeirofernandes/starred{/owner}{/repo}","subscriptions_url":"https://api.github.com/users/mayribeirofernandes/subscriptions","organizations_url":"https://api.github.com/users/mayribeirofernandes/orgs","repos_url":"https://api.github.com/users/mayribeirofernandes/repos","events_url":"https://api.github.com/users/mayribeirofernandes/events{/privacy}","received_events_url":"https://api.github.com/users/mayribeirofernandes/received_events","type":"User","site_admin":false},"created_at":"2020-07-28T19:48:27Z","updated_at":"2020-07-28T19:48:27Z","author_association":"OWNER","body":"Nice!","reactions":{"url":"https://api.github.com/repos/mayribeirofernandes/myudemyrobotframeworkcourse/issues/comments/665241629/reactions","total_count":1,"+1":0,"-1":0,"laugh":0,"hooray":0,"confused":0,"heart":1,"rocket":0,"eyes":0},"performed_via_github_app":null},{"url":"https://api.github.com/repos/mayribeirofernandes/myudemyrobotframeworkcourse/issues/comments/665714414","html_url":"https://github.com/mayribeirofernandes/myudemyrobotframeworkcourse/issues/12#issuecomment-665714414","issue_url":"https://api.github.com/repos/mayribeirofernandes/myudemyrobotframeworkcourse/issues/12","id":665714414,"node_id":"MDEyOklzc3VlQ29tbWVudDY2NTcxNDQxNA==","user":{"login":"carlosanerte","id":68753145,"node_id":"MDQ6VXNlcjY4NzUzMTQ1","avatar_url":"https://avatars.githubusercontent.com/u/68753145?v=4","gravatar_id":"","url":"https://api.github.com/users/carlosanerte","html_url":"https://github.com/carlosanerte","followers_url":"https://api.github.com/users/carlosanerte/followers","following_url":"https://api.github.com/users/carlosanerte/following{/other_user}","gists_url":"https://api.github.com/users/carlosanerte/gists{/gist_id}","starred_url":"https://api.github.com/users/carlosa... (set the log level to DEBUG or TRACE to see the full content) 
 </msg>
<msg timestamp="20230621 14:50:31.272" level="INFO">${RESPONSE} = &lt;Response [200]&gt;</msg>
<status status="PASS" starttime="20230621 14:50:30.685" endtime="20230621 14:50:31.272"/>
</kw>
<kw name="Confere sucesso na requisição">
<arg>${RESPONSE}</arg>
<kw name="Should Be True" library="BuiltIn">
<arg>'${RESPONSE.status_code}'=='200' or '${RESPONSE.status_code}'=='201'</arg>
<arg>msg=Erro na requisição! Verifique: ${RESPONSE}</arg>
<doc>Fails if the given condition is not true.</doc>
<status status="PASS" starttime="20230621 14:50:31.278" endtime="20230621 14:50:31.290"/>
</kw>
<status status="PASS" starttime="20230621 14:50:31.274" endtime="20230621 14:50:31.291"/>
</kw>
<status status="PASS" starttime="20230621 14:50:30.674" endtime="20230621 14:50:31.293"/>
</kw>
<status status="PASS" starttime="20230621 14:50:30.615" endtime="20230621 14:50:31.417"/>
</test>
<doc>Exemplos da própria Library: https://github.com/bulkan/robotframework-requests/blob/master/tests/testcase.robot
Doc da API do GitHub: https://developer.github.com/v3/</doc>
<status status="PASS" starttime="20230621 14:50:28.727" endtime="20230621 14:50:31.607"/>
</suite>
<statistics>
<total>
<stat pass="1" fail="0" skip="0">All Tests</stat>
</total>
<tag>
</tag>
<suite>
<stat pass="1" fail="0" skip="0" id="s1" name="Post With Template">Post With Template</stat>
</suite>
</statistics>
<errors>
<msg timestamp="20230621 14:50:30.687" level="WARN">Keyword 'RequestsLibrary.Get Request' is deprecated. Please use `GET On Session` instead.</msg>
</errors>
</robot>
