<?xml version="1.0" encoding="UTF-8"?>
<robot generator="Robot 6.0.2 (Python 3.11.2 on win32)" generated="20230629 13:45:28.830" rpa="false" schemaversion="3">
<suite id="s1" name="Amazon Testes" source="C:\udemy\robotFramework\webTesting\suites\amazon_testes.robot">
<test id="s1-t1" name="Caso de Teste 01 - Acesso ao menu &quot;Eletronicos&quot;" line="10">
<kw name="Abrir o navegador" library="amazon_resources" type="SETUP">
<kw name="Open Browser" library="SeleniumLibrary">
<arg>about:blank</arg>
<arg>${BROWSER}</arg>
<arg>remote_url=http://localhost:4444</arg>
<doc>Opens a new browser instance to the optional ``url``.</doc>
<msg timestamp="20230629 13:45:29.642" level="INFO">Opening browser 'chrome' to base url 'about:blank' through remote server at 'http://localhost:4444'.</msg>
<status status="PASS" starttime="20230629 13:45:29.639" endtime="20230629 13:45:33.977"/>
</kw>
<kw name="Maximize Browser Window" library="SeleniumLibrary">
<doc>Maximizes current browser window.</doc>
<status status="PASS" starttime="20230629 13:45:33.978" endtime="20230629 13:45:34.196"/>
</kw>
<status status="PASS" starttime="20230629 13:45:29.638" endtime="20230629 13:45:34.196"/>
</kw>
<kw name="Acessar a home page do site Amazon.com.br" library="amazon_resources">
<kw name="Go To" library="SeleniumLibrary">
<arg>url=${URL}</arg>
<doc>Navigates the current browser window to the provided ``url``.</doc>
<msg timestamp="20230629 13:45:34.200" level="INFO">Opening url 'https://amazon.com.br'</msg>
<status status="PASS" starttime="20230629 13:45:34.199" endtime="20230629 13:45:39.675"/>
</kw>
<kw name="Wait Until Element Is Visible" library="SeleniumLibrary">
<arg>locator=${searchBox}</arg>
<arg>timeout=10s</arg>
<doc>Waits until the element ``locator`` is visible.</doc>
<status status="PASS" starttime="20230629 13:45:39.675" endtime="20230629 13:45:42.509"/>
</kw>
<status status="PASS" starttime="20230629 13:45:34.198" endtime="20230629 13:45:42.509"/>
</kw>
<kw name="Entrar no menu &quot;Eletronicos&quot;" library="amazon_resources">
<kw name="Wait Until Element Is Visible" library="SeleniumLibrary">
<arg>locator=${menuEletronicos}</arg>
<doc>Waits until the element ``locator`` is visible.</doc>
<msg timestamp="20230629 13:45:48.513" level="INFO" html="true">&lt;/td&gt;&lt;/tr&gt;&lt;tr&gt;&lt;td colspan="3"&gt;&lt;a href="selenium-screenshot-12.png"&gt;&lt;img src="selenium-screenshot-12.png" width="800px"&gt;&lt;/a&gt;</msg>
<msg timestamp="20230629 13:45:48.514" level="FAIL">Element '//a[contains(@data-csa-c-content-id,'nav_cs_electronics')]' not visible after 5 seconds.</msg>
<status status="FAIL" starttime="20230629 13:45:42.512" endtime="20230629 13:45:48.605"/>
</kw>
<kw name="Click Element" library="SeleniumLibrary">
<arg>locator=${menuEletronicos}</arg>
<doc>Click the element identified by ``locator``.</doc>
<status status="NOT RUN" starttime="20230629 13:45:48.606" endtime="20230629 13:45:48.607"/>
</kw>
<status status="FAIL" starttime="20230629 13:45:42.511" endtime="20230629 13:45:48.607"/>
</kw>
<kw name="Verificar se aparece a frase &quot;Eletrônicos e Tecnologia&quot;" library="amazon_resources" sourcename="Verificar se aparece a frase &quot;${headerPagina}&quot;">
<status status="NOT RUN" starttime="20230629 13:45:48.608" endtime="20230629 13:45:48.608"/>
</kw>
<kw name="Verificar se o título da página fica &quot;Eletrônicos e Tecnologia | Amazon.com.br&quot;" library="amazon_resources" sourcename="Verificar se o título da página fica &quot;${titulo}&quot;">
<status status="NOT RUN" starttime="20230629 13:45:48.609" endtime="20230629 13:45:48.609"/>
</kw>
<kw name="Verificar se aparece a categoria &quot;Computadores e Informática&quot;" library="amazon_resources" sourcename="Verificar se aparece a categoria &quot;${categoriaEletronicos}&quot;">
<status status="NOT RUN" starttime="20230629 13:45:48.609" endtime="20230629 13:45:48.610"/>
</kw>
<kw name="Fechar o navegador" library="amazon_resources" type="TEARDOWN">
<kw name="Capture Page Screenshot" library="SeleniumLibrary">
<doc>Takes a screenshot of the current page and embeds it into a log file.</doc>
<msg timestamp="20230629 13:45:49.515" level="INFO" html="true">&lt;/td&gt;&lt;/tr&gt;&lt;tr&gt;&lt;td colspan="3"&gt;&lt;a href="selenium-screenshot-13.png"&gt;&lt;img src="selenium-screenshot-13.png" width="800px"&gt;&lt;/a&gt;</msg>
<status status="PASS" starttime="20230629 13:45:48.611" endtime="20230629 13:45:49.515"/>
</kw>
<kw name="Close Browser" library="SeleniumLibrary">
<doc>Closes the current browser.</doc>
<status status="PASS" starttime="20230629 13:45:49.516" endtime="20230629 13:45:49.706"/>
</kw>
<status status="PASS" starttime="20230629 13:45:48.610" endtime="20230629 13:45:49.706"/>
</kw>
<doc>Esse teste verifica o menu eletronicos do site da amazon.com.br e verifica a categoria Computadores e Informática</doc>
<tag>menus</tag>
<status status="FAIL" starttime="20230629 13:45:29.636" endtime="20230629 13:45:49.707">Element '//a[contains(@data-csa-c-content-id,'nav_cs_electronics')]' not visible after 5 seconds.</status>
</test>
<test id="s1-t2" name="Caso de Teste 02 - Pesquisa de um Produto" line="20">
<kw name="Abrir o navegador" library="amazon_resources" type="SETUP">
<kw name="Open Browser" library="SeleniumLibrary">
<arg>about:blank</arg>
<arg>${BROWSER}</arg>
<arg>remote_url=http://localhost:4444</arg>
<doc>Opens a new browser instance to the optional ``url``.</doc>
<msg timestamp="20230629 13:45:49.715" level="INFO">Opening browser 'chrome' to base url 'about:blank' through remote server at 'http://localhost:4444'.</msg>
<status status="PASS" starttime="20230629 13:45:49.713" endtime="20230629 13:45:51.712"/>
</kw>
<kw name="Maximize Browser Window" library="SeleniumLibrary">
<doc>Maximizes current browser window.</doc>
<status status="PASS" starttime="20230629 13:45:51.712" endtime="20230629 13:45:51.860"/>
</kw>
<status status="PASS" starttime="20230629 13:45:49.713" endtime="20230629 13:45:51.861"/>
</kw>
<kw name="Acessar a home page do site Amazon.com.br" library="amazon_resources">
<kw name="Go To" library="SeleniumLibrary">
<arg>url=${URL}</arg>
<doc>Navigates the current browser window to the provided ``url``.</doc>
<msg timestamp="20230629 13:45:51.864" level="INFO">Opening url 'https://amazon.com.br'</msg>
<status status="PASS" starttime="20230629 13:45:51.863" endtime="20230629 13:45:57.499"/>
</kw>
<kw name="Wait Until Element Is Visible" library="SeleniumLibrary">
<arg>locator=${searchBox}</arg>
<arg>timeout=10s</arg>
<doc>Waits until the element ``locator`` is visible.</doc>
<status status="PASS" starttime="20230629 13:45:57.499" endtime="20230629 13:45:59.233"/>
</kw>
<status status="PASS" starttime="20230629 13:45:51.862" endtime="20230629 13:45:59.234"/>
</kw>
<kw name="Digitar o nome de produto &quot;Xbox Series S&quot; no campo de pesquisa" library="amazon_resources" sourcename="Digitar o nome de produto &quot;${searchText}&quot; no campo de pesquisa">
<kw name="Wait Until Element Is Visible" library="SeleniumLibrary">
<arg>locator=${searchBox}</arg>
<doc>Waits until the element ``locator`` is visible.</doc>
<status status="PASS" starttime="20230629 13:45:59.236" endtime="20230629 13:45:59.864"/>
</kw>
<kw name="Input Text" library="SeleniumLibrary">
<arg>locator=${searchBox}</arg>
<arg>text=${searchText}</arg>
<doc>Types the given ``text`` into the text field identified by ``locator``.</doc>
<msg timestamp="20230629 13:45:59.867" level="INFO">Typing text 'Xbox Series S' into text field '//div[contains(@class,'search')]//input[contains(@id,'twotabsearchtextbox')]'.</msg>
<status status="PASS" starttime="20230629 13:45:59.865" endtime="20230629 13:46:01.993"/>
</kw>
<status status="PASS" starttime="20230629 13:45:59.235" endtime="20230629 13:46:01.994"/>
</kw>
<kw name="Clicar no botão de pesquisa" library="amazon_resources">
<kw name="Wait Until Element Is Visible" library="SeleniumLibrary">
<arg>locator=${searchButton}</arg>
<doc>Waits until the element ``locator`` is visible.</doc>
<status status="PASS" starttime="20230629 13:46:01.996" endtime="20230629 13:46:02.387"/>
</kw>
<kw name="Click Element" library="SeleniumLibrary">
<arg>locator=${searchButton}</arg>
<doc>Click the element identified by ``locator``.</doc>
<msg timestamp="20230629 13:46:02.388" level="INFO">Clicking element '//div[contains(@class,'search')]//input[contains(@id,'nav-search-submit-button')]'.</msg>
<status status="PASS" starttime="20230629 13:46:02.387" endtime="20230629 13:46:07.021"/>
</kw>
<status status="PASS" starttime="20230629 13:46:01.995" endtime="20230629 13:46:07.021"/>
</kw>
<kw name="Verificar o resultado da pesquisa se esta listando o produto &quot;Xbox Series S&quot;" library="amazon_resources" sourcename="Verificar o resultado da pesquisa se esta listando o produto &quot;${produto}&quot;">
<kw name="Wait Until Element Is Visible" library="SeleniumLibrary">
<arg>locator=//span[contains(@data-component-type,'s-search-results')]//span[contains(text(),'${produto}')]</arg>
<doc>Waits until the element ``locator`` is visible.</doc>
<status status="PASS" starttime="20230629 13:46:07.023" endtime="20230629 13:46:07.284"/>
</kw>
<status status="PASS" starttime="20230629 13:46:07.023" endtime="20230629 13:46:07.284"/>
</kw>
<kw name="Fechar o navegador" library="amazon_resources" type="TEARDOWN">
<kw name="Capture Page Screenshot" library="SeleniumLibrary">
<doc>Takes a screenshot of the current page and embeds it into a log file.</doc>
<msg timestamp="20230629 13:46:07.993" level="INFO" html="true">&lt;/td&gt;&lt;/tr&gt;&lt;tr&gt;&lt;td colspan="3"&gt;&lt;a href="selenium-screenshot-14.png"&gt;&lt;img src="selenium-screenshot-14.png" width="800px"&gt;&lt;/a&gt;</msg>
<status status="PASS" starttime="20230629 13:46:07.290" endtime="20230629 13:46:07.993"/>
</kw>
<kw name="Close Browser" library="SeleniumLibrary">
<doc>Closes the current browser.</doc>
<status status="PASS" starttime="20230629 13:46:07.993" endtime="20230629 13:46:08.262"/>
</kw>
<status status="PASS" starttime="20230629 13:46:07.289" endtime="20230629 13:46:08.263"/>
</kw>
<doc>Esse teste verifica a busca de um produto</doc>
<tag>busca_produtos</tag>
<status status="PASS" starttime="20230629 13:45:49.711" endtime="20230629 13:46:08.264"/>
</test>
<test id="s1-t3" name="Caso de Teste 03 - Adicionar Produto no Carrinho" line="28">
<kw name="Abrir o navegador" library="amazon_resources" type="SETUP">
<kw name="Open Browser" library="SeleniumLibrary">
<arg>about:blank</arg>
<arg>${BROWSER}</arg>
<arg>remote_url=http://localhost:4444</arg>
<doc>Opens a new browser instance to the optional ``url``.</doc>
<msg timestamp="20230629 13:46:08.271" level="INFO">Opening browser 'chrome' to base url 'about:blank' through remote server at 'http://localhost:4444'.</msg>
<status status="PASS" starttime="20230629 13:46:08.270" endtime="20230629 13:46:10.071"/>
</kw>
<kw name="Maximize Browser Window" library="SeleniumLibrary">
<doc>Maximizes current browser window.</doc>
<status status="PASS" starttime="20230629 13:46:10.072" endtime="20230629 13:46:10.205"/>
</kw>
<status status="PASS" starttime="20230629 13:46:08.269" endtime="20230629 13:46:10.206"/>
</kw>
<kw name="Acessar a home page do site Amazon.com.br" library="amazon_resources">
<kw name="Go To" library="SeleniumLibrary">
<arg>url=${URL}</arg>
<doc>Navigates the current browser window to the provided ``url``.</doc>
<msg timestamp="20230629 13:46:10.209" level="INFO">Opening url 'https://amazon.com.br'</msg>
<status status="PASS" starttime="20230629 13:46:10.208" endtime="20230629 13:46:17.160"/>
</kw>
<kw name="Wait Until Element Is Visible" library="SeleniumLibrary">
<arg>locator=${searchBox}</arg>
<arg>timeout=10s</arg>
<doc>Waits until the element ``locator`` is visible.</doc>
<status status="PASS" starttime="20230629 13:46:17.160" endtime="20230629 13:46:18.665"/>
</kw>
<status status="PASS" starttime="20230629 13:46:10.207" endtime="20230629 13:46:18.665"/>
</kw>
<kw name="Digitar o nome de produto &quot;Xbox Series S&quot; no campo de pesquisa" library="amazon_resources" sourcename="Digitar o nome de produto &quot;${searchText}&quot; no campo de pesquisa">
<kw name="Wait Until Element Is Visible" library="SeleniumLibrary">
<arg>locator=${searchBox}</arg>
<doc>Waits until the element ``locator`` is visible.</doc>
<status status="PASS" starttime="20230629 13:46:18.793" endtime="20230629 13:46:19.292"/>
</kw>
<kw name="Input Text" library="SeleniumLibrary">
<arg>locator=${searchBox}</arg>
<arg>text=${searchText}</arg>
<doc>Types the given ``text`` into the text field identified by ``locator``.</doc>
<msg timestamp="20230629 13:46:19.295" level="INFO">Typing text 'Xbox Series S' into text field '//div[contains(@class,'search')]//input[contains(@id,'twotabsearchtextbox')]'.</msg>
<status status="PASS" starttime="20230629 13:46:19.293" endtime="20230629 13:46:21.912"/>
</kw>
<status status="PASS" starttime="20230629 13:46:18.792" endtime="20230629 13:46:21.912"/>
</kw>
<kw name="Clicar no botão de pesquisa" library="amazon_resources">
<kw name="Wait Until Element Is Visible" library="SeleniumLibrary">
<arg>locator=${searchButton}</arg>
<doc>Waits until the element ``locator`` is visible.</doc>
<status status="PASS" starttime="20230629 13:46:21.917" endtime="20230629 13:46:22.465"/>
</kw>
<kw name="Click Element" library="SeleniumLibrary">
<arg>locator=${searchButton}</arg>
<doc>Click the element identified by ``locator``.</doc>
<msg timestamp="20230629 13:46:22.468" level="INFO">Clicking element '//div[contains(@class,'search')]//input[contains(@id,'nav-search-submit-button')]'.</msg>
<status status="PASS" starttime="20230629 13:46:22.466" endtime="20230629 13:46:23.226"/>
</kw>
<status status="PASS" starttime="20230629 13:46:21.916" endtime="20230629 13:46:23.227"/>
</kw>
<kw name="Verificar o resultado da pesquisa se esta listando o produto &quot;Xbox Series S&quot;" library="amazon_resources" sourcename="Verificar o resultado da pesquisa se esta listando o produto &quot;${produto}&quot;">
<kw name="Wait Until Element Is Visible" library="SeleniumLibrary">
<arg>locator=//span[contains(@data-component-type,'s-search-results')]//span[contains(text(),'${produto}')]</arg>
<doc>Waits until the element ``locator`` is visible.</doc>
<status status="PASS" starttime="20230629 13:46:23.236" endtime="20230629 13:46:26.761"/>
</kw>
<status status="PASS" starttime="20230629 13:46:23.234" endtime="20230629 13:46:26.762"/>
</kw>
<kw name="Adicionar o produto &quot;Console Xbox Series S&quot; no carrinho" library="amazon_resources" sourcename="Adicionar o produto &quot;${produto}&quot; no carrinho">
<kw name="Click Element" library="SeleniumLibrary">
<arg>locator=//span[contains(@data-component-type,'s-search-results')]//span[contains(text(),'${produto}')]</arg>
<doc>Click the element identified by ``locator``.</doc>
<msg timestamp="20230629 13:46:26.767" level="INFO">Clicking element '//span[contains(@data-component-type,'s-search-results')]//span[contains(text(),'Console Xbox Series S')]'.</msg>
<status status="PASS" starttime="20230629 13:46:26.765" endtime="20230629 13:46:36.079"/>
</kw>
<kw name="Wait Until Element Is Visible" library="SeleniumLibrary">
<arg>locator=//input[contains(@id,'add-to-cart-button')]</arg>
<doc>Waits until the element ``locator`` is visible.</doc>
<status status="PASS" starttime="20230629 13:46:36.079" endtime="20230629 13:46:38.248"/>
</kw>
<kw name="Click Element" library="SeleniumLibrary">
<arg>locator=//input[contains(@id,'add-to-cart-button')]</arg>
<doc>Click the element identified by ``locator``.</doc>
<msg timestamp="20230629 13:46:38.249" level="INFO">Clicking element '//input[contains(@id,'add-to-cart-button')]'.</msg>
<status status="PASS" starttime="20230629 13:46:38.248" endtime="20230629 13:46:41.851"/>
</kw>
<status status="PASS" starttime="20230629 13:46:26.763" endtime="20230629 13:46:41.851"/>
</kw>
<kw name="Verificar se o produto &quot;Console Xbox Series S&quot; foi adicionado com sucesso" library="amazon_resources" sourcename="Verificar se o produto &quot;${produto}&quot; foi adicionado com sucesso">
<kw name="Wait Until Element Is Visible" library="SeleniumLibrary">
<arg>locator=//div//span[contains(text(),'Adicionado ao carrinho')]</arg>
<doc>Waits until the element ``locator`` is visible.</doc>
<status status="PASS" starttime="20230629 13:46:41.855" endtime="20230629 13:46:42.335"/>
</kw>
<kw name="Click Element" library="SeleniumLibrary">
<arg>locator=${logoAmazon}</arg>
<doc>Click the element identified by ``locator``.</doc>
<msg timestamp="20230629 13:46:42.337" level="INFO">Clicking element '//a[contains(@id,'nav-logo-sprites')]'.</msg>
<status status="PASS" starttime="20230629 13:46:42.335" endtime="20230629 13:46:45.970"/>
</kw>
<kw name="Wait Until Element Is Visible" library="SeleniumLibrary">
<arg>locator=//a[contains(@href,'/cart')]</arg>
<doc>Waits until the element ``locator`` is visible.</doc>
<status status="PASS" starttime="20230629 13:46:45.970" endtime="20230629 13:46:47.216"/>
</kw>
<kw name="Click Element" library="SeleniumLibrary">
<arg>locator=//a[contains(@href,'/cart')]</arg>
<doc>Click the element identified by ``locator``.</doc>
<msg timestamp="20230629 13:46:47.218" level="INFO">Clicking element '//a[contains(@href,'/cart')]'.</msg>
<status status="PASS" starttime="20230629 13:46:47.217" endtime="20230629 13:46:50.607"/>
</kw>
<kw name="Wait Until Element Is Visible" library="SeleniumLibrary">
<arg>locator=//h1[contains(text(),'Carrinho de compras')]</arg>
<doc>Waits until the element ``locator`` is visible.</doc>
<status status="PASS" starttime="20230629 13:46:50.608" endtime="20230629 13:46:51.234"/>
</kw>
<kw name="Wait Until Element Is Visible" library="SeleniumLibrary">
<arg>locator=//span[contains(@class, 'a-truncate-cut') and contains(text(), '${produto}')]</arg>
<doc>Waits until the element ``locator`` is visible.</doc>
<status status="PASS" starttime="20230629 13:46:51.235" endtime="20230629 13:46:51.455"/>
</kw>
<status status="PASS" starttime="20230629 13:46:41.853" endtime="20230629 13:46:51.455"/>
</kw>
<kw name="Fechar o navegador" library="amazon_resources" type="TEARDOWN">
<kw name="Capture Page Screenshot" library="SeleniumLibrary">
<doc>Takes a screenshot of the current page and embeds it into a log file.</doc>
<msg timestamp="20230629 13:46:52.055" level="INFO" html="true">&lt;/td&gt;&lt;/tr&gt;&lt;tr&gt;&lt;td colspan="3"&gt;&lt;a href="selenium-screenshot-15.png"&gt;&lt;img src="selenium-screenshot-15.png" width="800px"&gt;&lt;/a&gt;</msg>
<status status="PASS" starttime="20230629 13:46:51.457" endtime="20230629 13:46:52.055"/>
</kw>
<kw name="Close Browser" library="SeleniumLibrary">
<doc>Closes the current browser.</doc>
<status status="PASS" starttime="20230629 13:46:52.055" endtime="20230629 13:46:52.322"/>
</kw>
<status status="PASS" starttime="20230629 13:46:51.457" endtime="20230629 13:46:52.322"/>
</kw>
<doc>Esse teste verifica a adição de um produto no carrinho de compras</doc>
<tag>adicionar_carrinho</tag>
<status status="PASS" starttime="20230629 13:46:08.267" endtime="20230629 13:46:52.334"/>
</test>
<test id="s1-t4" name="Caso de Teste 04 - Remover Produto do Carrinho" line="38">
<kw name="Abrir o navegador" library="amazon_resources" type="SETUP">
<kw name="Open Browser" library="SeleniumLibrary">
<arg>about:blank</arg>
<arg>${BROWSER}</arg>
<arg>remote_url=http://localhost:4444</arg>
<doc>Opens a new browser instance to the optional ``url``.</doc>
<msg timestamp="20230629 13:46:52.366" level="INFO">Opening browser 'chrome' to base url 'about:blank' through remote server at 'http://localhost:4444'.</msg>
<status status="PASS" starttime="20230629 13:46:52.364" endtime="20230629 13:46:54.109"/>
</kw>
<kw name="Maximize Browser Window" library="SeleniumLibrary">
<doc>Maximizes current browser window.</doc>
<status status="PASS" starttime="20230629 13:46:54.109" endtime="20230629 13:46:54.274"/>
</kw>
<status status="PASS" starttime="20230629 13:46:52.363" endtime="20230629 13:46:54.274"/>
</kw>
<kw name="Acessar a home page do site Amazon.com.br" library="amazon_resources">
<kw name="Go To" library="SeleniumLibrary">
<arg>url=${URL}</arg>
<doc>Navigates the current browser window to the provided ``url``.</doc>
<msg timestamp="20230629 13:46:54.278" level="INFO">Opening url 'https://amazon.com.br'</msg>
<status status="PASS" starttime="20230629 13:46:54.277" endtime="20230629 13:46:59.999"/>
</kw>
<kw name="Wait Until Element Is Visible" library="SeleniumLibrary">
<arg>locator=${searchBox}</arg>
<arg>timeout=10s</arg>
<doc>Waits until the element ``locator`` is visible.</doc>
<status status="PASS" starttime="20230629 13:46:59.999" endtime="20230629 13:47:02.223"/>
</kw>
<status status="PASS" starttime="20230629 13:46:54.276" endtime="20230629 13:47:02.223"/>
</kw>
<kw name="Digitar o nome de produto &quot;Xbox Series S&quot; no campo de pesquisa" library="amazon_resources" sourcename="Digitar o nome de produto &quot;${searchText}&quot; no campo de pesquisa">
<kw name="Wait Until Element Is Visible" library="SeleniumLibrary">
<arg>locator=${searchBox}</arg>
<doc>Waits until the element ``locator`` is visible.</doc>
<status status="PASS" starttime="20230629 13:47:02.226" endtime="20230629 13:47:03.100"/>
</kw>
<kw name="Input Text" library="SeleniumLibrary">
<arg>locator=${searchBox}</arg>
<arg>text=${searchText}</arg>
<doc>Types the given ``text`` into the text field identified by ``locator``.</doc>
<msg timestamp="20230629 13:47:03.103" level="INFO">Typing text 'Xbox Series S' into text field '//div[contains(@class,'search')]//input[contains(@id,'twotabsearchtextbox')]'.</msg>
<status status="PASS" starttime="20230629 13:47:03.101" endtime="20230629 13:47:05.084"/>
</kw>
<status status="PASS" starttime="20230629 13:47:02.224" endtime="20230629 13:47:05.085"/>
</kw>
<kw name="Clicar no botão de pesquisa" library="amazon_resources">
<kw name="Wait Until Element Is Visible" library="SeleniumLibrary">
<arg>locator=${searchButton}</arg>
<doc>Waits until the element ``locator`` is visible.</doc>
<status status="PASS" starttime="20230629 13:47:05.088" endtime="20230629 13:47:05.702"/>
</kw>
<kw name="Click Element" library="SeleniumLibrary">
<arg>locator=${searchButton}</arg>
<doc>Click the element identified by ``locator``.</doc>
<msg timestamp="20230629 13:47:05.705" level="INFO">Clicking element '//div[contains(@class,'search')]//input[contains(@id,'nav-search-submit-button')]'.</msg>
<status status="PASS" starttime="20230629 13:47:05.703" endtime="20230629 13:47:11.070"/>
</kw>
<status status="PASS" starttime="20230629 13:47:05.087" endtime="20230629 13:47:11.070"/>
</kw>
<kw name="Verificar o resultado da pesquisa se esta listando o produto &quot;Xbox Series S&quot;" library="amazon_resources" sourcename="Verificar o resultado da pesquisa se esta listando o produto &quot;${produto}&quot;">
<kw name="Wait Until Element Is Visible" library="SeleniumLibrary">
<arg>locator=//span[contains(@data-component-type,'s-search-results')]//span[contains(text(),'${produto}')]</arg>
<doc>Waits until the element ``locator`` is visible.</doc>
<status status="PASS" starttime="20230629 13:47:11.078" endtime="20230629 13:47:11.432"/>
</kw>
<status status="PASS" starttime="20230629 13:47:11.077" endtime="20230629 13:47:11.433"/>
</kw>
<kw name="Adicionar o produto &quot;Console Xbox Series S&quot; no carrinho" library="amazon_resources" sourcename="Adicionar o produto &quot;${produto}&quot; no carrinho">
<kw name="Click Element" library="SeleniumLibrary">
<arg>locator=//span[contains(@data-component-type,'s-search-results')]//span[contains(text(),'${produto}')]</arg>
<doc>Click the element identified by ``locator``.</doc>
<msg timestamp="20230629 13:47:11.437" level="INFO">Clicking element '//span[contains(@data-component-type,'s-search-results')]//span[contains(text(),'Console Xbox Series S')]'.</msg>
<status status="PASS" starttime="20230629 13:47:11.435" endtime="20230629 13:47:18.036"/>
</kw>
<kw name="Wait Until Element Is Visible" library="SeleniumLibrary">
<arg>locator=//input[contains(@id,'add-to-cart-button')]</arg>
<doc>Waits until the element ``locator`` is visible.</doc>
<status status="PASS" starttime="20230629 13:47:18.036" endtime="20230629 13:47:18.470"/>
</kw>
<kw name="Click Element" library="SeleniumLibrary">
<arg>locator=//input[contains(@id,'add-to-cart-button')]</arg>
<doc>Click the element identified by ``locator``.</doc>
<msg timestamp="20230629 13:47:18.472" level="INFO">Clicking element '//input[contains(@id,'add-to-cart-button')]'.</msg>
<status status="PASS" starttime="20230629 13:47:18.471" endtime="20230629 13:47:21.647"/>
</kw>
<status status="PASS" starttime="20230629 13:47:11.434" endtime="20230629 13:47:21.648"/>
</kw>
<kw name="Verificar se o produto &quot;Console Xbox Series S&quot; foi adicionado com sucesso" library="amazon_resources" sourcename="Verificar se o produto &quot;${produto}&quot; foi adicionado com sucesso">
<kw name="Wait Until Element Is Visible" library="SeleniumLibrary">
<arg>locator=//div//span[contains(text(),'Adicionado ao carrinho')]</arg>
<doc>Waits until the element ``locator`` is visible.</doc>
<status status="PASS" starttime="20230629 13:47:21.651" endtime="20230629 13:47:23.228"/>
</kw>
<kw name="Click Element" library="SeleniumLibrary">
<arg>locator=${logoAmazon}</arg>
<doc>Click the element identified by ``locator``.</doc>
<msg timestamp="20230629 13:47:23.230" level="INFO">Clicking element '//a[contains(@id,'nav-logo-sprites')]'.</msg>
<status status="PASS" starttime="20230629 13:47:23.228" endtime="20230629 13:47:27.922"/>
</kw>
<kw name="Wait Until Element Is Visible" library="SeleniumLibrary">
<arg>locator=//a[contains(@href,'/cart')]</arg>
<doc>Waits until the element ``locator`` is visible.</doc>
<status status="PASS" starttime="20230629 13:47:27.922" endtime="20230629 13:47:28.790"/>
</kw>
<kw name="Click Element" library="SeleniumLibrary">
<arg>locator=//a[contains(@href,'/cart')]</arg>
<doc>Click the element identified by ``locator``.</doc>
<msg timestamp="20230629 13:47:28.792" level="INFO">Clicking element '//a[contains(@href,'/cart')]'.</msg>
<status status="PASS" starttime="20230629 13:47:28.790" endtime="20230629 13:47:31.574"/>
</kw>
<kw name="Wait Until Element Is Visible" library="SeleniumLibrary">
<arg>locator=//h1[contains(text(),'Carrinho de compras')]</arg>
<doc>Waits until the element ``locator`` is visible.</doc>
<status status="PASS" starttime="20230629 13:47:31.575" endtime="20230629 13:47:32.083"/>
</kw>
<kw name="Wait Until Element Is Visible" library="SeleniumLibrary">
<arg>locator=//span[contains(@class, 'a-truncate-cut') and contains(text(), '${produto}')]</arg>
<doc>Waits until the element ``locator`` is visible.</doc>
<status status="PASS" starttime="20230629 13:47:32.083" endtime="20230629 13:47:32.203"/>
</kw>
<status status="PASS" starttime="20230629 13:47:21.650" endtime="20230629 13:47:32.204"/>
</kw>
<kw name="Remover o produto &quot;Console Xbox Series S&quot; do carrinho" library="amazon_resources" sourcename="Remover o produto &quot;${produto}&quot; do carrinho">
<kw name="Wait Until Element Is Visible" library="SeleniumLibrary">
<arg>locator=//a[contains(@href,'/cart')]</arg>
<doc>Waits until the element ``locator`` is visible.</doc>
<status status="PASS" starttime="20230629 13:47:32.206" endtime="20230629 13:47:32.334"/>
</kw>
<kw name="Click Element" library="SeleniumLibrary">
<arg>locator=//a[contains(@href,'/cart')]</arg>
<doc>Click the element identified by ``locator``.</doc>
<msg timestamp="20230629 13:47:32.336" level="INFO">Clicking element '//a[contains(@href,'/cart')]'.</msg>
<status status="PASS" starttime="20230629 13:47:32.334" endtime="20230629 13:47:34.110"/>
</kw>
<kw name="Wait Until Element Is Visible" library="SeleniumLibrary">
<arg>locator=//input[contains(@aria-label,'Excluir ${produto}')]</arg>
<doc>Waits until the element ``locator`` is visible.</doc>
<status status="PASS" starttime="20230629 13:47:34.111" endtime="20230629 13:47:35.062"/>
</kw>
<kw name="Click Element" library="SeleniumLibrary">
<arg>locator=//input[contains(@aria-label,'Excluir ${produto}')]</arg>
<doc>Click the element identified by ``locator``.</doc>
<msg timestamp="20230629 13:47:35.064" level="INFO">Clicking element '//input[contains(@aria-label,'Excluir Console Xbox Series S')]'.</msg>
<status status="PASS" starttime="20230629 13:47:35.063" endtime="20230629 13:47:35.842"/>
</kw>
<status status="PASS" starttime="20230629 13:47:32.205" endtime="20230629 13:47:35.843"/>
</kw>
<kw name="Verificar se o carrinho fica vazio" library="amazon_resources">
<kw name="Wait Until Element Is Visible" library="SeleniumLibrary">
<arg>locator=//a[contains(@id,'nav-cart')]</arg>
<doc>Waits until the element ``locator`` is visible.</doc>
<status status="PASS" starttime="20230629 13:47:35.845" endtime="20230629 13:47:36.060"/>
</kw>
<kw name="Click Element" library="SeleniumLibrary">
<arg>locator=//a[contains(@id,'nav-cart')]</arg>
<doc>Click the element identified by ``locator``.</doc>
<msg timestamp="20230629 13:47:36.063" level="INFO">Clicking element '//a[contains(@id,'nav-cart')]'.</msg>
<status status="PASS" starttime="20230629 13:47:36.061" endtime="20230629 13:47:39.311"/>
</kw>
<kw name="Wait Until Element Is Visible" library="SeleniumLibrary">
<arg>locator=//h2[contains(text(),'Seu carrinho da Amazon está vazio')]</arg>
<doc>Waits until the element ``locator`` is visible.</doc>
<status status="PASS" starttime="20230629 13:47:39.311" endtime="20230629 13:47:39.715"/>
</kw>
<status status="PASS" starttime="20230629 13:47:35.844" endtime="20230629 13:47:39.716"/>
</kw>
<kw name="Fechar o navegador" library="amazon_resources" type="TEARDOWN">
<kw name="Capture Page Screenshot" library="SeleniumLibrary">
<doc>Takes a screenshot of the current page and embeds it into a log file.</doc>
<msg timestamp="20230629 13:47:40.186" level="INFO" html="true">&lt;/td&gt;&lt;/tr&gt;&lt;tr&gt;&lt;td colspan="3"&gt;&lt;a href="selenium-screenshot-16.png"&gt;&lt;img src="selenium-screenshot-16.png" width="800px"&gt;&lt;/a&gt;</msg>
<status status="PASS" starttime="20230629 13:47:39.719" endtime="20230629 13:47:40.186"/>
</kw>
<kw name="Close Browser" library="SeleniumLibrary">
<doc>Closes the current browser.</doc>
<status status="PASS" starttime="20230629 13:47:40.186" endtime="20230629 13:47:40.669"/>
</kw>
<status status="PASS" starttime="20230629 13:47:39.717" endtime="20230629 13:47:40.670"/>
</kw>
<doc>Esse teste verifica a remoção de um produto no carrinho de compras</doc>
<tag>remover_carrinho</tag>
<status status="PASS" starttime="20230629 13:46:52.361" endtime="20230629 13:47:40.671"/>
</test>
<doc>Essa suite testa o site da amazon.com.br</doc>
<status status="FAIL" starttime="20230629 13:45:28.834" endtime="20230629 13:47:40.676"/>
</suite>
<statistics>
<total>
<stat pass="3" fail="1" skip="0">All Tests</stat>
</total>
<tag>
<stat pass="1" fail="0" skip="0">adicionar_carrinho</stat>
<stat pass="1" fail="0" skip="0">busca_produtos</stat>
<stat pass="0" fail="1" skip="0">menus</stat>
<stat pass="1" fail="0" skip="0">remover_carrinho</stat>
</tag>
<suite>
<stat pass="3" fail="1" skip="0" id="s1" name="Amazon Testes">Amazon Testes</stat>
</suite>
</statistics>
<errors>
</errors>
</robot>
