<?xml version="1.0" encoding="UTF-8"?>
<robot generator="Robot 6.1 (Python 3.7.5 on linux)" generated="20230629 14:56:29.222" rpa="false" schemaversion="4">
<suite id="s1" name="Tests" source="/opt/robotframework/tests">
<suite id="s1-s1" name="TestSitePractice" source="/opt/robotframework/tests/TestSitePractice.robot">
<test id="s1-s1-t1" name="Caso de Teste com PO 01: Remover Produtos do Carrinho" line="9">
<kw name="Abrir navegador" library="Resource" type="SETUP">
<kw name="Open Browser" library="SeleniumLibrary">
<arg>about:blank</arg>
<arg>${BROWSER}</arg>
<arg>remote_url=http://localhost:4444/wd/hub</arg>
<doc>Opens a new browser instance to the optional ``url``.</doc>
<msg timestamp="20230629 14:56:30.106" level="INFO">Opening browser 'firefox' to base url 'about:blank' through remote server at 'http://localhost:4444/wd/hub'.</msg>
<msg timestamp="20230629 14:56:30.109" level="INFO">Cannot capture screenshot because no browser is open.</msg>
<msg timestamp="20230629 14:56:30.110" level="FAIL">TypeError: __init__() got an unexpected keyword argument 'browser_profile'</msg>
<status status="FAIL" starttime="20230629 14:56:30.102" endtime="20230629 14:56:30.116"/>
</kw>
<status status="FAIL" starttime="20230629 14:56:30.100" endtime="20230629 14:56:30.116"/>
</kw>
<kw name="Fechar navegador" library="Resource" type="TEARDOWN">
<kw name="Close Browser" library="SeleniumLibrary">
<doc>Closes the current browser.</doc>
<status status="PASS" starttime="20230629 14:56:30.119" endtime="20230629 14:56:30.120"/>
</kw>
<status status="PASS" starttime="20230629 14:56:30.118" endtime="20230629 14:56:30.121"/>
</kw>
<status status="FAIL" starttime="20230629 14:56:30.097" endtime="20230629 14:56:30.121">Setup failed:
TypeError: __init__() got an unexpected keyword argument 'browser_profile'</status>
</test>
<status status="FAIL" starttime="20230629 14:56:29.285" endtime="20230629 14:56:30.124"/>
</suite>
<status status="FAIL" starttime="20230629 14:56:29.229" endtime="20230629 14:56:30.138"/>
</suite>
<statistics>
<total>
<stat pass="0" fail="1" skip="0">All Tests</stat>
</total>
<tag>
</tag>
<suite>
<stat pass="0" fail="1" skip="0" id="s1" name="Tests">Tests</stat>
<stat pass="0" fail="1" skip="0" id="s1-s1" name="TestSitePractice">Tests.TestSitePractice</stat>
</suite>
</statistics>
<errors>
</errors>
</robot>
