<?xml version="1.0" encoding="UTF-8"?>
<robot generator="Robot 6.0.2 (Python 3.11.2 on win32)" generated="20230613 15:49:07.969" rpa="false" schemaversion="3">
<suite id="s1" name="ExercicioArgumentos" source="C:\udemy\robotFramework\VariaveisEscoposArgumentos\VariaveisEscoposArgumentos\ExercicioArgumentos.robot">
<test id="s1-t1" name="Caso de teste de exemplo 01" line="9">
<kw name="Criar email customizado">
<arg>${PESSOA.nome}</arg>
<arg>${PESSOA.sobrenome}</arg>
<kw name="Generate Random String" library="String">
<var>${palavraAleatorio}</var>
<arg>5</arg>
<arg>[LETTERS]</arg>
<doc>Generates a string with a desired ``length`` from the given ``chars``.</doc>
<msg timestamp="20230613 15:49:08.008" level="INFO">${palavraAleatorio} = vqvFt</msg>
<status status="PASS" starttime="20230613 15:49:08.007" endtime="20230613 15:49:08.008"/>
</kw>
<kw name="Set Test Variable" library="BuiltIn">
<arg>${emailCriado}</arg>
<arg>${NOME_USUARIO}${SOBRENOME_USUARIO}${palavraAleatorio}@testerobot.com</arg>
<doc>Makes a variable available everywhere within the scope of the current test.</doc>
<msg timestamp="20230613 15:49:08.009" level="INFO">${emailCriado} = DanielBizzivqvFt@testerobot.com</msg>
<status status="PASS" starttime="20230613 15:49:08.008" endtime="20230613 15:49:08.009"/>
</kw>
<status status="PASS" starttime="20230613 15:49:08.006" endtime="20230613 15:49:08.009"/>
</kw>
<kw name="Set Variable" library="BuiltIn">
<var>${emailCriado}</var>
<arg>${emailCriado}</arg>
<doc>Returns the given values which can then be assigned to a variables.</doc>
<msg timestamp="20230613 15:49:08.010" level="INFO">${emailCriado} = DanielBizzivqvFt@testerobot.com</msg>
<status status="PASS" starttime="20230613 15:49:08.010" endtime="20230613 15:49:08.010"/>
</kw>
<kw name="Log To Console" library="BuiltIn">
<arg>${emailCriado}</arg>
<doc>Logs the given message to the console.</doc>
<status status="PASS" starttime="20230613 15:49:08.011" endtime="20230613 15:49:08.012"/>
</kw>
<status status="PASS" starttime="20230613 15:49:08.006" endtime="20230613 15:49:08.013"/>
</test>
<doc>Exemplo de uso de variáveis como argumentos em Keywords</doc>
<status status="PASS" starttime="20230613 15:49:07.971" endtime="20230613 15:49:08.015"/>
</suite>
<statistics>
<total>
<stat pass="1" fail="0" skip="0">All Tests</stat>
</total>
<tag>
</tag>
<suite>
<stat pass="1" fail="0" skip="0" id="s1" name="ExercicioArgumentos">ExercicioArgumentos</stat>
</suite>
</statistics>
<errors>
</errors>
</robot>
