<?xml version="1.0" encoding="UTF-8"?>
<robot generator="Robot 6.0.2 (Python 3.11.2 on win32)" generated="20230613 15:21:45.447" rpa="false" schemaversion="3">
<suite id="s1" name="Amazon Testes" source="C:\udemy\robotFramework\webTesting\amazon_testes.robot">
<test id="s1-t1" name="Caso de Teste 01 - Acesso ao menu &quot;Eletronicos&quot;" line="10">
<kw name="Abrir o navegador" library="amazon_resources" type="SETUP">
<kw name="Open Browser" library="SeleniumLibrary">
<arg>browser=chrome</arg>
<doc>Opens a new browser instance to the optional ``url``.</doc>
<msg timestamp="20230613 15:21:45.831" level="INFO">Opening browser 'chrome' to base url 'None'.</msg>
<status status="PASS" starttime="20230613 15:21:45.831" endtime="20230613 15:21:48.262"/>
</kw>
<kw name="Maximize Browser Window" library="SeleniumLibrary">
<doc>Maximizes current browser window.</doc>
<status status="PASS" starttime="20230613 15:21:48.262" endtime="20230613 15:21:48.434"/>
</kw>
<status status="PASS" starttime="20230613 15:21:45.831" endtime="20230613 15:21:48.435"/>
</kw>
<kw name="Acessar a home page do site Amazon.com.br" library="amazon_resources">
<kw name="Go To" library="SeleniumLibrary">
<arg>url=${URL}</arg>
<doc>Navigates the current browser window to the provided ``url``.</doc>
<msg timestamp="20230613 15:21:48.441" level="INFO">Opening url 'https://amazon.com.br'</msg>
<status status="PASS" starttime="20230613 15:21:48.437" endtime="20230613 15:21:49.331"/>
</kw>
<kw name="Wait Until Element Is Visible" library="SeleniumLibrary">
<arg>locator=${searchBox}</arg>
<arg>timeout=10s</arg>
<doc>Waits until the element ``locator`` is visible.</doc>
<msg timestamp="20230613 15:21:59.750" level="INFO" html="true">&lt;/td&gt;&lt;/tr&gt;&lt;tr&gt;&lt;td colspan="3"&gt;&lt;a href="selenium-screenshot-7.png"&gt;&lt;img src="selenium-screenshot-7.png" width="800px"&gt;&lt;/a&gt;</msg>
<msg timestamp="20230613 15:21:59.750" level="FAIL">Element '//div[contains(@class,'search')]//input[contains(@id,'twotabsearchtextbox')]' not visible after 10 seconds.</msg>
<status status="FAIL" starttime="20230613 15:21:49.331" endtime="20230613 15:21:59.786"/>
</kw>
<status status="FAIL" starttime="20230613 15:21:48.436" endtime="20230613 15:21:59.787"/>
</kw>
<kw name="Entrar no menu &quot;Eletronicos&quot;" library="amazon_resources">
<status status="NOT RUN" starttime="20230613 15:21:59.787" endtime="20230613 15:21:59.787"/>
</kw>
<kw name="Verificar se aparece a frase &quot;Eletrônicos e Tecnologia&quot;" library="amazon_resources" sourcename="Verificar se aparece a frase &quot;${headerPagina}&quot;">
<status status="NOT RUN" starttime="20230613 15:21:59.788" endtime="20230613 15:21:59.788"/>
</kw>
<kw name="Verificar se o título da página fica &quot;Eletrônicos e Tecnologia | Amazon.com.br&quot;" library="amazon_resources" sourcename="Verificar se o título da página fica &quot;${titulo}&quot;">
<status status="NOT RUN" starttime="20230613 15:21:59.788" endtime="20230613 15:21:59.788"/>
</kw>
<kw name="Verificar se aparece a categoria &quot;Computadores e Informática&quot;" library="amazon_resources" sourcename="Verificar se aparece a categoria &quot;${categoriaEletronicos}&quot;">
<status status="NOT RUN" starttime="20230613 15:21:59.789" endtime="20230613 15:21:59.789"/>
</kw>
<kw name="Fechar o navegador" library="amazon_resources" type="TEARDOWN">
<kw name="Capture Page Screenshot" library="SeleniumLibrary">
<doc>Takes a screenshot of the current page and embeds it into a log file.</doc>
<msg timestamp="20230613 15:22:00.121" level="INFO" html="true">&lt;/td&gt;&lt;/tr&gt;&lt;tr&gt;&lt;td colspan="3"&gt;&lt;a href="selenium-screenshot-8.png"&gt;&lt;img src="selenium-screenshot-8.png" width="800px"&gt;&lt;/a&gt;</msg>
<status status="PASS" starttime="20230613 15:21:59.790" endtime="20230613 15:22:00.121"/>
</kw>
<kw name="Close Browser" library="SeleniumLibrary">
<doc>Closes the current browser.</doc>
<status status="PASS" starttime="20230613 15:22:00.121" endtime="20230613 15:22:02.937"/>
</kw>
<status status="PASS" starttime="20230613 15:21:59.789" endtime="20230613 15:22:02.937"/>
</kw>
<doc>Esse teste verifica o menu eletronicos do site da amazon.com.br e verifica a categoria Computadores e Informática</doc>
<tag>menus</tag>
<status status="FAIL" starttime="20230613 15:21:45.830" endtime="20230613 15:22:02.938">Element '//div[contains(@class,'search')]//input[contains(@id,'twotabsearchtextbox')]' not visible after 10 seconds.</status>
</test>
<test id="s1-t2" name="Caso de Teste 02 - Pesquisa de um Produto" line="20">
<kw name="Abrir o navegador" library="amazon_resources" type="SETUP">
<kw name="Open Browser" library="SeleniumLibrary">
<arg>browser=chrome</arg>
<doc>Opens a new browser instance to the optional ``url``.</doc>
<msg timestamp="20230613 15:22:02.940" level="INFO">Opening browser 'chrome' to base url 'None'.</msg>
<status status="PASS" starttime="20230613 15:22:02.940" endtime="20230613 15:22:05.332"/>
</kw>
<kw name="Maximize Browser Window" library="SeleniumLibrary">
<doc>Maximizes current browser window.</doc>
<status status="PASS" starttime="20230613 15:22:05.332" endtime="20230613 15:22:05.669"/>
</kw>
<status status="PASS" starttime="20230613 15:22:02.940" endtime="20230613 15:22:05.670"/>
</kw>
<kw name="Acessar a home page do site Amazon.com.br" library="amazon_resources">
<kw name="Go To" library="SeleniumLibrary">
<arg>url=${URL}</arg>
<doc>Navigates the current browser window to the provided ``url``.</doc>
<msg timestamp="20230613 15:22:05.673" level="INFO">Opening url 'https://amazon.com.br'</msg>
<status status="PASS" starttime="20230613 15:22:05.672" endtime="20230613 15:22:09.090"/>
</kw>
<kw name="Wait Until Element Is Visible" library="SeleniumLibrary">
<arg>locator=${searchBox}</arg>
<arg>timeout=10s</arg>
<doc>Waits until the element ``locator`` is visible.</doc>
<status status="PASS" starttime="20230613 15:22:09.090" endtime="20230613 15:22:10.663"/>
</kw>
<status status="PASS" starttime="20230613 15:22:05.671" endtime="20230613 15:22:10.663"/>
</kw>
<kw name="Digitar o nome de produto &quot;Xbox Series S&quot; no campo de pesquisa" library="amazon_resources" sourcename="Digitar o nome de produto &quot;${searchText}&quot; no campo de pesquisa">
<kw name="Wait Until Element Is Visible" library="SeleniumLibrary">
<arg>locator=${searchBox}</arg>
<doc>Waits until the element ``locator`` is visible.</doc>
<status status="PASS" starttime="20230613 15:22:10.666" endtime="20230613 15:22:10.779"/>
</kw>
<kw name="Input Text" library="SeleniumLibrary">
<arg>locator=${searchBox}</arg>
<arg>text=${searchText}</arg>
<doc>Types the given ``text`` into the text field identified by ``locator``.</doc>
<msg timestamp="20230613 15:22:10.782" level="INFO">Typing text 'Xbox Series S' into text field '//div[contains(@class,'search')]//input[contains(@id,'twotabsearchtextbox')]'.</msg>
<status status="PASS" starttime="20230613 15:22:10.780" endtime="20230613 15:22:11.675"/>
</kw>
<status status="PASS" starttime="20230613 15:22:10.665" endtime="20230613 15:22:11.676"/>
</kw>
<kw name="Clicar no botão de pesquisa" library="amazon_resources">
<kw name="Wait Until Element Is Visible" library="SeleniumLibrary">
<arg>locator=${searchButton}</arg>
<doc>Waits until the element ``locator`` is visible.</doc>
<status status="PASS" starttime="20230613 15:22:11.681" endtime="20230613 15:22:12.029"/>
</kw>
<kw name="Click Element" library="SeleniumLibrary">
<arg>locator=${searchButton}</arg>
<doc>Click the element identified by ``locator``.</doc>
<msg timestamp="20230613 15:22:12.031" level="INFO">Clicking element '//div[contains(@class,'search')]//input[contains(@id,'nav-search-submit-button')]'.</msg>
<status status="PASS" starttime="20230613 15:22:12.029" endtime="20230613 15:22:12.287"/>
</kw>
<status status="PASS" starttime="20230613 15:22:11.680" endtime="20230613 15:22:12.287"/>
</kw>
<kw name="Verificar o resultado da pesquisa se esta listando o produto &quot;Xbox Series S&quot;" library="amazon_resources" sourcename="Verificar o resultado da pesquisa se esta listando o produto &quot;${produto}&quot;">
<kw name="Wait Until Element Is Visible" library="SeleniumLibrary">
<arg>locator=//span[contains(@data-component-type,'s-search-results')]//span[contains(text(),'${produto}')]</arg>
<doc>Waits until the element ``locator`` is visible.</doc>
<status status="PASS" starttime="20230613 15:22:12.291" endtime="20230613 15:22:15.627"/>
</kw>
<status status="PASS" starttime="20230613 15:22:12.290" endtime="20230613 15:22:15.628"/>
</kw>
<kw name="Fechar o navegador" library="amazon_resources" type="TEARDOWN">
<kw name="Capture Page Screenshot" library="SeleniumLibrary">
<doc>Takes a screenshot of the current page and embeds it into a log file.</doc>
<msg timestamp="20230613 15:22:16.833" level="INFO" html="true">&lt;/td&gt;&lt;/tr&gt;&lt;tr&gt;&lt;td colspan="3"&gt;&lt;a href="selenium-screenshot-9.png"&gt;&lt;img src="selenium-screenshot-9.png" width="800px"&gt;&lt;/a&gt;</msg>
<status status="PASS" starttime="20230613 15:22:15.630" endtime="20230613 15:22:16.834"/>
</kw>
<kw name="Close Browser" library="SeleniumLibrary">
<doc>Closes the current browser.</doc>
<status status="PASS" starttime="20230613 15:22:16.835" endtime="20230613 15:22:20.155"/>
</kw>
<status status="PASS" starttime="20230613 15:22:15.629" endtime="20230613 15:22:20.155"/>
</kw>
<doc>Esse teste verifica a busca de um produto</doc>
<tag>busca_produtos</tag>
<status status="PASS" starttime="20230613 15:22:02.939" endtime="20230613 15:22:20.156"/>
</test>
<test id="s1-t3" name="Caso de Teste 03 - Adicionar Produto no Carrinho" line="28">
<kw name="Abrir o navegador" library="amazon_resources" type="SETUP">
<kw name="Open Browser" library="SeleniumLibrary">
<arg>browser=chrome</arg>
<doc>Opens a new browser instance to the optional ``url``.</doc>
<msg timestamp="20230613 15:22:20.160" level="INFO">Opening browser 'chrome' to base url 'None'.</msg>
<status status="PASS" starttime="20230613 15:22:20.160" endtime="20230613 15:22:23.084"/>
</kw>
<kw name="Maximize Browser Window" library="SeleniumLibrary">
<doc>Maximizes current browser window.</doc>
<status status="PASS" starttime="20230613 15:22:23.084" endtime="20230613 15:22:23.271"/>
</kw>
<status status="PASS" starttime="20230613 15:22:20.159" endtime="20230613 15:22:23.271"/>
</kw>
<kw name="Acessar a home page do site Amazon.com.br" library="amazon_resources">
<kw name="Go To" library="SeleniumLibrary">
<arg>url=${URL}</arg>
<doc>Navigates the current browser window to the provided ``url``.</doc>
<msg timestamp="20230613 15:22:23.276" level="INFO">Opening url 'https://amazon.com.br'</msg>
<status status="PASS" starttime="20230613 15:22:23.275" endtime="20230613 15:22:26.553"/>
</kw>
<kw name="Wait Until Element Is Visible" library="SeleniumLibrary">
<arg>locator=${searchBox}</arg>
<arg>timeout=10s</arg>
<doc>Waits until the element ``locator`` is visible.</doc>
<status status="PASS" starttime="20230613 15:22:26.554" endtime="20230613 15:22:26.917"/>
</kw>
<status status="PASS" starttime="20230613 15:22:23.273" endtime="20230613 15:22:26.917"/>
</kw>
<kw name="Digitar o nome de produto &quot;Xbox Series S&quot; no campo de pesquisa" library="amazon_resources" sourcename="Digitar o nome de produto &quot;${searchText}&quot; no campo de pesquisa">
<kw name="Wait Until Element Is Visible" library="SeleniumLibrary">
<arg>locator=${searchBox}</arg>
<doc>Waits until the element ``locator`` is visible.</doc>
<status status="PASS" starttime="20230613 15:22:26.921" endtime="20230613 15:22:27.076"/>
</kw>
<kw name="Input Text" library="SeleniumLibrary">
<arg>locator=${searchBox}</arg>
<arg>text=${searchText}</arg>
<doc>Types the given ``text`` into the text field identified by ``locator``.</doc>
<msg timestamp="20230613 15:22:27.078" level="INFO">Typing text 'Xbox Series S' into text field '//div[contains(@class,'search')]//input[contains(@id,'twotabsearchtextbox')]'.</msg>
<status status="PASS" starttime="20230613 15:22:27.076" endtime="20230613 15:22:28.413"/>
</kw>
<status status="PASS" starttime="20230613 15:22:26.920" endtime="20230613 15:22:28.413"/>
</kw>
<kw name="Clicar no botão de pesquisa" library="amazon_resources">
<kw name="Wait Until Element Is Visible" library="SeleniumLibrary">
<arg>locator=${searchButton}</arg>
<doc>Waits until the element ``locator`` is visible.</doc>
<status status="PASS" starttime="20230613 15:22:28.416" endtime="20230613 15:22:28.574"/>
</kw>
<kw name="Click Element" library="SeleniumLibrary">
<arg>locator=${searchButton}</arg>
<doc>Click the element identified by ``locator``.</doc>
<msg timestamp="20230613 15:22:28.576" level="INFO">Clicking element '//div[contains(@class,'search')]//input[contains(@id,'nav-search-submit-button')]'.</msg>
<status status="PASS" starttime="20230613 15:22:28.575" endtime="20230613 15:22:32.617"/>
</kw>
<status status="PASS" starttime="20230613 15:22:28.415" endtime="20230613 15:22:32.618"/>
</kw>
<kw name="Verificar o resultado da pesquisa se esta listando o produto &quot;Xbox Series S&quot;" library="amazon_resources" sourcename="Verificar o resultado da pesquisa se esta listando o produto &quot;${produto}&quot;">
<kw name="Wait Until Element Is Visible" library="SeleniumLibrary">
<arg>locator=//span[contains(@data-component-type,'s-search-results')]//span[contains(text(),'${produto}')]</arg>
<doc>Waits until the element ``locator`` is visible.</doc>
<status status="PASS" starttime="20230613 15:22:32.620" endtime="20230613 15:22:32.692"/>
</kw>
<status status="PASS" starttime="20230613 15:22:32.620" endtime="20230613 15:22:32.693"/>
</kw>
<kw name="Adicionar o produto &quot;Console Xbox Series S&quot; no carrinho" library="amazon_resources" sourcename="Adicionar o produto &quot;${produto}&quot; no carrinho">
<kw name="Click Element" library="SeleniumLibrary">
<arg>locator=//span[contains(@data-component-type,'s-search-results')]//span[contains(text(),'${produto}')]</arg>
<doc>Click the element identified by ``locator``.</doc>
<msg timestamp="20230613 15:22:32.695" level="INFO">Clicking element '//span[contains(@data-component-type,'s-search-results')]//span[contains(text(),'Console Xbox Series S')]'.</msg>
<status status="PASS" starttime="20230613 15:22:32.694" endtime="20230613 15:22:36.835"/>
</kw>
<kw name="Wait Until Element Is Visible" library="SeleniumLibrary">
<arg>locator=//input[contains(@id,'add-to-cart-button')]</arg>
<doc>Waits until the element ``locator`` is visible.</doc>
<status status="PASS" starttime="20230613 15:22:36.835" endtime="20230613 15:22:36.889"/>
</kw>
<kw name="Click Element" library="SeleniumLibrary">
<arg>locator=//input[contains(@id,'add-to-cart-button')]</arg>
<doc>Click the element identified by ``locator``.</doc>
<msg timestamp="20230613 15:22:36.890" level="INFO">Clicking element '//input[contains(@id,'add-to-cart-button')]'.</msg>
<status status="PASS" starttime="20230613 15:22:36.889" endtime="20230613 15:22:38.879"/>
</kw>
<status status="PASS" starttime="20230613 15:22:32.694" endtime="20230613 15:22:38.879"/>
</kw>
<kw name="Verificar se o produto &quot;Console Xbox Series S&quot; foi adicionado com sucesso" library="amazon_resources" sourcename="Verificar se o produto &quot;${produto}&quot; foi adicionado com sucesso">
<kw name="Wait Until Element Is Visible" library="SeleniumLibrary">
<arg>locator=//div//span[contains(text(),'Adicionado ao carrinho')]</arg>
<doc>Waits until the element ``locator`` is visible.</doc>
<status status="PASS" starttime="20230613 15:22:38.881" endtime="20230613 15:22:38.956"/>
</kw>
<kw name="Click Element" library="SeleniumLibrary">
<arg>locator=${logoAmazon}</arg>
<doc>Click the element identified by ``locator``.</doc>
<msg timestamp="20230613 15:22:38.957" level="INFO">Clicking element '//a[contains(@id,'nav-logo-sprites')]'.</msg>
<status status="PASS" starttime="20230613 15:22:38.957" endtime="20230613 15:22:40.720"/>
</kw>
<kw name="Wait Until Element Is Visible" library="SeleniumLibrary">
<arg>locator=//a[contains(@href,'/cart')]</arg>
<doc>Waits until the element ``locator`` is visible.</doc>
<status status="PASS" starttime="20230613 15:22:40.720" endtime="20230613 15:22:40.757"/>
</kw>
<kw name="Click Element" library="SeleniumLibrary">
<arg>locator=//a[contains(@href,'/cart')]</arg>
<doc>Click the element identified by ``locator``.</doc>
<msg timestamp="20230613 15:22:40.758" level="INFO">Clicking element '//a[contains(@href,'/cart')]'.</msg>
<status status="PASS" starttime="20230613 15:22:40.757" endtime="20230613 15:22:41.174"/>
</kw>
<kw name="Wait Until Element Is Visible" library="SeleniumLibrary">
<arg>locator=//h1[contains(text(),'Carrinho de compras')]</arg>
<doc>Waits until the element ``locator`` is visible.</doc>
<status status="PASS" starttime="20230613 15:22:41.174" endtime="20230613 15:22:42.202"/>
</kw>
<kw name="Wait Until Element Is Visible" library="SeleniumLibrary">
<arg>locator=//span[contains(@class, 'a-truncate-cut') and contains(text(), '${produto}')]</arg>
<doc>Waits until the element ``locator`` is visible.</doc>
<status status="PASS" starttime="20230613 15:22:42.202" endtime="20230613 15:22:42.371"/>
</kw>
<status status="PASS" starttime="20230613 15:22:38.880" endtime="20230613 15:22:42.371"/>
</kw>
<kw name="Fechar o navegador" library="amazon_resources" type="TEARDOWN">
<kw name="Capture Page Screenshot" library="SeleniumLibrary">
<doc>Takes a screenshot of the current page and embeds it into a log file.</doc>
<msg timestamp="20230613 15:22:43.344" level="INFO" html="true">&lt;/td&gt;&lt;/tr&gt;&lt;tr&gt;&lt;td colspan="3"&gt;&lt;a href="selenium-screenshot-10.png"&gt;&lt;img src="selenium-screenshot-10.png" width="800px"&gt;&lt;/a&gt;</msg>
<status status="PASS" starttime="20230613 15:22:42.373" endtime="20230613 15:22:43.345"/>
</kw>
<kw name="Close Browser" library="SeleniumLibrary">
<doc>Closes the current browser.</doc>
<status status="PASS" starttime="20230613 15:22:43.346" endtime="20230613 15:22:45.948"/>
</kw>
<status status="PASS" starttime="20230613 15:22:42.372" endtime="20230613 15:22:45.949"/>
</kw>
<doc>Esse teste verifica a adição de um produto no carrinho de compras</doc>
<tag>adicionar_carrinho</tag>
<status status="PASS" starttime="20230613 15:22:20.158" endtime="20230613 15:22:45.950"/>
</test>
<test id="s1-t4" name="Caso de Teste 04 - Remover Produto do Carrinho" line="38">
<kw name="Abrir o navegador" library="amazon_resources" type="SETUP">
<kw name="Open Browser" library="SeleniumLibrary">
<arg>browser=chrome</arg>
<doc>Opens a new browser instance to the optional ``url``.</doc>
<msg timestamp="20230613 15:22:45.956" level="INFO">Opening browser 'chrome' to base url 'None'.</msg>
<status status="PASS" starttime="20230613 15:22:45.955" endtime="20230613 15:22:47.989"/>
</kw>
<kw name="Maximize Browser Window" library="SeleniumLibrary">
<doc>Maximizes current browser window.</doc>
<status status="PASS" starttime="20230613 15:22:47.989" endtime="20230613 15:22:48.130"/>
</kw>
<status status="PASS" starttime="20230613 15:22:45.954" endtime="20230613 15:22:48.131"/>
</kw>
<kw name="Acessar a home page do site Amazon.com.br" library="amazon_resources">
<kw name="Go To" library="SeleniumLibrary">
<arg>url=${URL}</arg>
<doc>Navigates the current browser window to the provided ``url``.</doc>
<msg timestamp="20230613 15:22:48.140" level="INFO">Opening url 'https://amazon.com.br'</msg>
<status status="PASS" starttime="20230613 15:22:48.139" endtime="20230613 15:22:51.080"/>
</kw>
<kw name="Wait Until Element Is Visible" library="SeleniumLibrary">
<arg>locator=${searchBox}</arg>
<arg>timeout=10s</arg>
<doc>Waits until the element ``locator`` is visible.</doc>
<status status="PASS" starttime="20230613 15:22:51.080" endtime="20230613 15:22:51.862"/>
</kw>
<status status="PASS" starttime="20230613 15:22:48.134" endtime="20230613 15:22:51.862"/>
</kw>
<kw name="Digitar o nome de produto &quot;Xbox Series S&quot; no campo de pesquisa" library="amazon_resources" sourcename="Digitar o nome de produto &quot;${searchText}&quot; no campo de pesquisa">
<kw name="Wait Until Element Is Visible" library="SeleniumLibrary">
<arg>locator=${searchBox}</arg>
<doc>Waits until the element ``locator`` is visible.</doc>
<status status="PASS" starttime="20230613 15:22:51.865" endtime="20230613 15:22:51.978"/>
</kw>
<kw name="Input Text" library="SeleniumLibrary">
<arg>locator=${searchBox}</arg>
<arg>text=${searchText}</arg>
<doc>Types the given ``text`` into the text field identified by ``locator``.</doc>
<msg timestamp="20230613 15:22:51.981" level="INFO">Typing text 'Xbox Series S' into text field '//div[contains(@class,'search')]//input[contains(@id,'twotabsearchtextbox')]'.</msg>
<status status="PASS" starttime="20230613 15:22:51.978" endtime="20230613 15:22:52.661"/>
</kw>
<status status="PASS" starttime="20230613 15:22:51.864" endtime="20230613 15:22:52.662"/>
</kw>
<kw name="Clicar no botão de pesquisa" library="amazon_resources">
<kw name="Wait Until Element Is Visible" library="SeleniumLibrary">
<arg>locator=${searchButton}</arg>
<doc>Waits until the element ``locator`` is visible.</doc>
<status status="PASS" starttime="20230613 15:22:52.664" endtime="20230613 15:22:52.955"/>
</kw>
<kw name="Click Element" library="SeleniumLibrary">
<arg>locator=${searchButton}</arg>
<doc>Click the element identified by ``locator``.</doc>
<msg timestamp="20230613 15:22:52.957" level="INFO">Clicking element '//div[contains(@class,'search')]//input[contains(@id,'nav-search-submit-button')]'.</msg>
<status status="PASS" starttime="20230613 15:22:52.956" endtime="20230613 15:22:58.021"/>
</kw>
<status status="PASS" starttime="20230613 15:22:52.663" endtime="20230613 15:22:58.022"/>
</kw>
<kw name="Verificar o resultado da pesquisa se esta listando o produto &quot;Xbox Series S&quot;" library="amazon_resources" sourcename="Verificar o resultado da pesquisa se esta listando o produto &quot;${produto}&quot;">
<kw name="Wait Until Element Is Visible" library="SeleniumLibrary">
<arg>locator=//span[contains(@data-component-type,'s-search-results')]//span[contains(text(),'${produto}')]</arg>
<doc>Waits until the element ``locator`` is visible.</doc>
<status status="PASS" starttime="20230613 15:22:58.024" endtime="20230613 15:22:58.181"/>
</kw>
<status status="PASS" starttime="20230613 15:22:58.023" endtime="20230613 15:22:58.182"/>
</kw>
<kw name="Adicionar o produto &quot;Console Xbox Series S&quot; no carrinho" library="amazon_resources" sourcename="Adicionar o produto &quot;${produto}&quot; no carrinho">
<kw name="Click Element" library="SeleniumLibrary">
<arg>locator=//span[contains(@data-component-type,'s-search-results')]//span[contains(text(),'${produto}')]</arg>
<doc>Click the element identified by ``locator``.</doc>
<msg timestamp="20230613 15:22:58.187" level="INFO">Clicking element '//span[contains(@data-component-type,'s-search-results')]//span[contains(text(),'Console Xbox Series S')]'.</msg>
<status status="PASS" starttime="20230613 15:22:58.184" endtime="20230613 15:23:01.573"/>
</kw>
<kw name="Wait Until Element Is Visible" library="SeleniumLibrary">
<arg>locator=//input[contains(@id,'add-to-cart-button')]</arg>
<doc>Waits until the element ``locator`` is visible.</doc>
<status status="PASS" starttime="20230613 15:23:01.573" endtime="20230613 15:23:01.614"/>
</kw>
<kw name="Click Element" library="SeleniumLibrary">
<arg>locator=//input[contains(@id,'add-to-cart-button')]</arg>
<doc>Click the element identified by ``locator``.</doc>
<msg timestamp="20230613 15:23:01.615" level="INFO">Clicking element '//input[contains(@id,'add-to-cart-button')]'.</msg>
<status status="PASS" starttime="20230613 15:23:01.614" endtime="20230613 15:23:03.809"/>
</kw>
<status status="PASS" starttime="20230613 15:22:58.183" endtime="20230613 15:23:03.809"/>
</kw>
<kw name="Verificar se o produto &quot;Console Xbox Series S&quot; foi adicionado com sucesso" library="amazon_resources" sourcename="Verificar se o produto &quot;${produto}&quot; foi adicionado com sucesso">
<kw name="Wait Until Element Is Visible" library="SeleniumLibrary">
<arg>locator=//div//span[contains(text(),'Adicionado ao carrinho')]</arg>
<doc>Waits until the element ``locator`` is visible.</doc>
<status status="PASS" starttime="20230613 15:23:03.811" endtime="20230613 15:23:03.890"/>
</kw>
<kw name="Click Element" library="SeleniumLibrary">
<arg>locator=${logoAmazon}</arg>
<doc>Click the element identified by ``locator``.</doc>
<msg timestamp="20230613 15:23:03.891" level="INFO">Clicking element '//a[contains(@id,'nav-logo-sprites')]'.</msg>
<status status="PASS" starttime="20230613 15:23:03.890" endtime="20230613 15:23:06.615"/>
</kw>
<kw name="Wait Until Element Is Visible" library="SeleniumLibrary">
<arg>locator=//a[contains(@href,'/cart')]</arg>
<doc>Waits until the element ``locator`` is visible.</doc>
<status status="PASS" starttime="20230613 15:23:06.615" endtime="20230613 15:23:06.672"/>
</kw>
<kw name="Click Element" library="SeleniumLibrary">
<arg>locator=//a[contains(@href,'/cart')]</arg>
<doc>Click the element identified by ``locator``.</doc>
<msg timestamp="20230613 15:23:06.673" level="INFO">Clicking element '//a[contains(@href,'/cart')]'.</msg>
<status status="PASS" starttime="20230613 15:23:06.673" endtime="20230613 15:23:08.256"/>
</kw>
<kw name="Wait Until Element Is Visible" library="SeleniumLibrary">
<arg>locator=//h1[contains(text(),'Carrinho de compras')]</arg>
<doc>Waits until the element ``locator`` is visible.</doc>
<status status="PASS" starttime="20230613 15:23:08.256" endtime="20230613 15:23:08.471"/>
</kw>
<kw name="Wait Until Element Is Visible" library="SeleniumLibrary">
<arg>locator=//span[contains(@class, 'a-truncate-cut') and contains(text(), '${produto}')]</arg>
<doc>Waits until the element ``locator`` is visible.</doc>
<status status="PASS" starttime="20230613 15:23:08.471" endtime="20230613 15:23:08.539"/>
</kw>
<status status="PASS" starttime="20230613 15:23:03.810" endtime="20230613 15:23:08.540"/>
</kw>
<kw name="Remover o produto &quot;Console Xbox Series S&quot; do carrinho" library="amazon_resources" sourcename="Remover o produto &quot;${produto}&quot; do carrinho">
<kw name="Wait Until Element Is Visible" library="SeleniumLibrary">
<arg>locator=//a[contains(@href,'/cart')]</arg>
<doc>Waits until the element ``locator`` is visible.</doc>
<status status="PASS" starttime="20230613 15:23:08.541" endtime="20230613 15:23:08.580"/>
</kw>
<kw name="Click Element" library="SeleniumLibrary">
<arg>locator=//a[contains(@href,'/cart')]</arg>
<doc>Click the element identified by ``locator``.</doc>
<msg timestamp="20230613 15:23:08.582" level="INFO">Clicking element '//a[contains(@href,'/cart')]'.</msg>
<status status="PASS" starttime="20230613 15:23:08.581" endtime="20230613 15:23:09.397"/>
</kw>
<kw name="Wait Until Element Is Visible" library="SeleniumLibrary">
<arg>locator=//input[contains(@aria-label,'Excluir ${produto}')]</arg>
<doc>Waits until the element ``locator`` is visible.</doc>
<status status="PASS" starttime="20230613 15:23:09.397" endtime="20230613 15:23:09.439"/>
</kw>
<kw name="Click Element" library="SeleniumLibrary">
<arg>locator=//input[contains(@aria-label,'Excluir ${produto}')]</arg>
<doc>Click the element identified by ``locator``.</doc>
<msg timestamp="20230613 15:23:09.440" level="INFO">Clicking element '//input[contains(@aria-label,'Excluir Console Xbox Series S')]'.</msg>
<status status="PASS" starttime="20230613 15:23:09.439" endtime="20230613 15:23:09.761"/>
</kw>
<status status="PASS" starttime="20230613 15:23:08.540" endtime="20230613 15:23:09.762"/>
</kw>
<kw name="Verificar se o carrinho fica vazio" library="amazon_resources">
<kw name="Wait Until Element Is Visible" library="SeleniumLibrary">
<arg>locator=//a[contains(@id,'nav-cart')]</arg>
<doc>Waits until the element ``locator`` is visible.</doc>
<status status="PASS" starttime="20230613 15:23:09.764" endtime="20230613 15:23:10.186"/>
</kw>
<kw name="Click Element" library="SeleniumLibrary">
<arg>locator=//a[contains(@id,'nav-cart')]</arg>
<doc>Click the element identified by ``locator``.</doc>
<msg timestamp="20230613 15:23:10.187" level="INFO">Clicking element '//a[contains(@id,'nav-cart')]'.</msg>
<status status="PASS" starttime="20230613 15:23:10.186" endtime="20230613 15:23:10.791"/>
</kw>
<kw name="Wait Until Element Is Visible" library="SeleniumLibrary">
<arg>locator=//h2[contains(text(),'Seu carrinho da Amazon está vazio')]</arg>
<doc>Waits until the element ``locator`` is visible.</doc>
<status status="PASS" starttime="20230613 15:23:10.791" endtime="20230613 15:23:10.871"/>
</kw>
<status status="PASS" starttime="20230613 15:23:09.763" endtime="20230613 15:23:10.872"/>
</kw>
<kw name="Fechar o navegador" library="amazon_resources" type="TEARDOWN">
<kw name="Capture Page Screenshot" library="SeleniumLibrary">
<doc>Takes a screenshot of the current page and embeds it into a log file.</doc>
<msg timestamp="20230613 15:23:13.220" level="INFO" html="true">&lt;/td&gt;&lt;/tr&gt;&lt;tr&gt;&lt;td colspan="3"&gt;&lt;a href="selenium-screenshot-11.png"&gt;&lt;img src="selenium-screenshot-11.png" width="800px"&gt;&lt;/a&gt;</msg>
<status status="PASS" starttime="20230613 15:23:10.875" endtime="20230613 15:23:13.220"/>
</kw>
<kw name="Close Browser" library="SeleniumLibrary">
<doc>Closes the current browser.</doc>
<status status="PASS" starttime="20230613 15:23:13.220" endtime="20230613 15:23:15.788"/>
</kw>
<status status="PASS" starttime="20230613 15:23:10.874" endtime="20230613 15:23:15.788"/>
</kw>
<doc>Esse teste verifica a remoção de um produto no carrinho de compras</doc>
<tag>remover_carrinho</tag>
<status status="PASS" starttime="20230613 15:22:45.953" endtime="20230613 15:23:15.793"/>
</test>
<doc>Essa suite testa o site da amazon.com.br</doc>
<status status="FAIL" starttime="20230613 15:21:45.450" endtime="20230613 15:23:15.796"/>
</suite>
<statistics>
<total>
<stat pass="3" fail="1" skip="0">All Tests</stat>
</total>
<tag>
<stat pass="1" fail="0" skip="0">adicionar_carrinho</stat>
<stat pass="1" fail="0" skip="0">busca_produtos</stat>
<stat pass="0" fail="1" skip="0">menus</stat>
<stat pass="1" fail="0" skip="0">remover_carrinho</stat>
</tag>
<suite>
<stat pass="3" fail="1" skip="0" id="s1" name="Amazon Testes">Amazon Testes</stat>
</suite>
</statistics>
<errors>
</errors>
</robot>
